log4cplus started.12-16 17:37:17.619448 [139760991535424] [INFO ] -  Read config file movepJointRangeOfMotion.joint_*.min  = -50.00 -40.00 -155.00 -174.50 -147.00 -130.00
12-16 17:37:17.619480 [139760991535424] [INFO ] -  Read config file movepJointRangeOfMotion.joint_*.max  = 45.00 50.00 -20.00 50.00 50.00 130.00
12-16 17:37:17.619487 [139760991535424] [INFO ] -  1 th joint range during force control and moveP, the max angle is 0.785375, the min angle is -0.872639
12-16 17:37:17.619491 [139760991535424] [INFO ] -  2 th joint range during force control and moveP, the max angle is 0.872639, the min angle is -0.698111
12-16 17:37:17.619494 [139760991535424] [INFO ] -  3 th joint range during force control and moveP, the max angle is -0.349056, the min angle is -2.705181
12-16 17:37:17.619498 [139760991535424] [INFO ] -  4 th joint range during force control and moveP, the max angle is 0.872639, the min angle is -3.045510
12-16 17:37:17.619501 [139760991535424] [INFO ] -  5 th joint range during force control and moveP, the max angle is 0.872639, the min angle is -2.565558
12-16 17:37:17.619504 [139760991535424] [INFO ] -  6 th joint range during force control and moveP, the max angle is 2.268861, the min angle is -2.268861
12-16 17:37:17.620419 [139760991535424] [ERROR] -  No 'EnableRecordJointStatus' setting in config/auborobot.conf file.

12-16 17:37:17.620443 [139760991535424] [DEBUG] -  run stat:0
12-16 17:37:17.620454 [139760991535424] [DEBUG] -  run stat:0
12-16 17:37:17.620502 [139760991535424] [INFO ] -  robot type=0
12-16 17:37:17.620506 [139760991535424] [INFO ] -  robot type = aubo_i5
12-16 17:37:17.620512 [139760991535424] [INFO ] -  set external event 0
12-16 17:37:17.620517 [139760991535424] [INFO ] -  reset joint acc/velc/range protection.
12-16 17:37:17.620530 [139760991535424] [INFO ] -  reset joint acc/velc/range protection.
12-16 17:37:17.620534 [139760991535424] [WARN ] -  robot real init failed! switch to robot simulator
12-16 17:37:17.620537 [139760991535424] [INFO ] -  reset joint acc/velc/range protection.
12-16 17:37:17.621778 [139760991535424] [INFO ] -  joint1Rot360=0
12-16 17:37:17.621809 [139760991535424] [INFO ] -  joint6Rot360=0
12-16 17:37:17.621853 [139760991535424] [INFO ] -  ------------dh_calibrate.joint1------------
12-16 17:37:17.621859 [139760991535424] [INFO ] -  joint1 da:0.000000
12-16 17:37:17.621862 [139760991535424] [INFO ] -  joint1 dd:0.000000
12-16 17:37:17.621866 [139760991535424] [INFO ] -  joint1 d0offset:0.000000
12-16 17:37:17.621869 [139760991535424] [INFO ] -  joint1 dalpha:0.000000
12-16 17:37:17.621872 [139760991535424] [INFO ] -  joint1 dtheta:0.000000
12-16 17:37:17.621876 [139760991535424] [INFO ] -  joint1 dratio:0.000000
12-16 17:37:17.621879 [139760991535424] [INFO ] -  ------------dh_calibrate.joint2------------
12-16 17:37:17.621882 [139760991535424] [INFO ] -  joint2 da:0.000000
12-16 17:37:17.621885 [139760991535424] [INFO ] -  joint2 dd:0.000000
12-16 17:37:17.621889 [139760991535424] [INFO ] -  joint2 d0offset:0.000000
12-16 17:37:17.621892 [139760991535424] [INFO ] -  joint2 dalpha:0.000000
12-16 17:37:17.621895 [139760991535424] [INFO ] -  joint2 dtheta:0.000000
12-16 17:37:17.621898 [139760991535424] [INFO ] -  joint2 dratio:0.000000
12-16 17:37:17.621901 [139760991535424] [INFO ] -  ------------dh_calibrate.joint3------------
12-16 17:37:17.621905 [139760991535424] [INFO ] -  joint3 da:0.000000
12-16 17:37:17.621908 [139760991535424] [INFO ] -  joint3 dd:0.000000
12-16 17:37:17.621911 [139760991535424] [INFO ] -  joint3 d0offset:0.000000
12-16 17:37:17.621914 [139760991535424] [INFO ] -  joint3 dalpha:0.000000
12-16 17:37:17.621917 [139760991535424] [INFO ] -  joint3 dtheta:0.000000
12-16 17:37:17.621920 [139760991535424] [INFO ] -  joint3 dratio:0.000000
12-16 17:37:17.621923 [139760991535424] [INFO ] -  ------------dh_calibrate.joint4------------
12-16 17:37:17.621927 [139760991535424] [INFO ] -  joint4 da:0.000000
12-16 17:37:17.621930 [139760991535424] [INFO ] -  joint4 dd:0.000000
12-16 17:37:17.621933 [139760991535424] [INFO ] -  joint4 d0offset:0.000000
12-16 17:37:17.621936 [139760991535424] [INFO ] -  joint4 dalpha:0.000000
12-16 17:37:17.621945 [139760991535424] [INFO ] -  joint4 dtheta:0.000000
12-16 17:37:17.621949 [139760991535424] [INFO ] -  joint4 dratio:0.000000
12-16 17:37:17.621952 [139760991535424] [INFO ] -  ------------dh_calibrate.joint5------------
12-16 17:37:17.621955 [139760991535424] [INFO ] -  joint5 da:0.000000
12-16 17:37:17.621958 [139760991535424] [INFO ] -  joint5 dd:0.000000
12-16 17:37:17.621961 [139760991535424] [INFO ] -  joint5 d0offset:0.000000
12-16 17:37:17.621965 [139760991535424] [INFO ] -  joint5 dalpha:0.000000
12-16 17:37:17.621968 [139760991535424] [INFO ] -  joint5 dtheta:0.000000
12-16 17:37:17.621971 [139760991535424] [INFO ] -  joint5 dratio:0.000000
12-16 17:37:17.621974 [139760991535424] [INFO ] -  ------------dh_calibrate.joint6------------
12-16 17:37:17.621977 [139760991535424] [INFO ] -  joint6 da:0.000000
12-16 17:37:17.621980 [139760991535424] [INFO ] -  joint6 dd:0.000000
12-16 17:37:17.621984 [139760991535424] [INFO ] -  joint6 d0offset:0.000000
12-16 17:37:17.621987 [139760991535424] [INFO ] -  joint6 dalpha:0.000000
12-16 17:37:17.621990 [139760991535424] [INFO ] -  joint6 dtheta:0.000000
12-16 17:37:17.621993 [139760991535424] [INFO ] -  joint6 dratio:0.000000
12-16 17:37:17.621996 [139760991535424] [INFO ] -  DH-Deviation compenstation enable flag 0
12-16 17:37:17.622000 [139760991535424] [INFO ] -  git version of robotController: V4.10.0, ctrl period: 5.000000 ms
12-16 17:37:17.622028 [139760991535424] [WARN ] -  No 'enableControllerSafetyguardStop' configure. set enableControllerSafetyguardStop=true

12-16 17:37:17.622033 [139760991535424] [INFO ] -  TXFIFO CFG: Succ 1 cfg (1 5) real (1 1)
12-16 17:37:17.623544 [139760991535424] [INFO ] -  Read config file force_control_func_config.func_enable=1  force_data_source=1 force_range=20 filter_param=0.70
12-16 17:37:17.623554 [139760991535424] [INFO ] -  Read config file force_control_func_config.data_wight_param=0.00 0.00 1.00 0.00 0.00 0.00
12-16 17:37:17.623618 [139760991535424] [INFO ] -  Read config file force_sensor_config.devname = /dev/ttyACM0  baud=115200 plugin_path=../libs/plugin/sensor/libyincheng_Dim1_release_1_7.so
12-16 17:37:17.623696 [139760991535424] [INFO ] -  Read config file force_control_param_config.inertia   = 1.00 1.00 1.00 1.00 1.00 1.00
12-16 17:37:17.623702 [139760991535424] [INFO ] -  Read config file force_control_param_config.damping   = 100.00 100.00 300.00 100.00 100.00 100.00
12-16 17:37:17.623707 [139760991535424] [INFO ] -  Read config file force_control_param_config.stiffness = 200.00 200.00 800.00 200.00 200.00 200.00
12-16 17:37:17.623763 [139760991535424] [INFO ] -  Read config file force_control_func_debug.enable=0  force_data_print_cycle_ms=500
12-16 17:37:17.623827 [139760991535424] [INFO ] -  Read config file force_sensor_calibration.tool_mass:0.000  centroid:0.000 0.000 0.000
12-16 17:37:17.623832 [139760991535424] [INFO ] -  Read config file force_sensor_calibration.zero_drift:0.000 0.000 0.000 0.000 0.000 0.000
12-16 17:37:17.623894 [139760991535424] [INFO ] -  Read config file force_control_limit.max_force:70.000 0.100
12-16 17:37:17.623928 [139760991535424] [INFO ] -  SIMRobot task thread created success.
12-16 17:37:17.623953 [139760991535424] [INFO ] -  SIMRobot control thread created success.
12-16 17:37:17.623990 [139760991535424] [INFO ] -  SIMRobot event scan thread created success.
12-16 17:37:17.669662 [139760991535424] [INFO ] -  SIMRobot teach thread created success.
12-16 17:37:17.671307 [139760991535424] [INFO ] -  lo be found.
12-16 17:37:17.671316 [139760991535424] [INFO ] -  virbr0 be found.
12-16 17:37:17.671319 [139760991535424] [INFO ] -  virbr0-nic be found.
12-16 17:37:17.671322 [139760991535424] [INFO ] -  vmnet1 be found.
12-16 17:37:17.671326 [139760991535424] [INFO ] -  enx00080b0d12e2 be found.
12-16 17:37:17.671329 [139760991535424] [INFO ] -  vmnet8 be found.
12-16 17:37:17.671336 [139760991535424] [INFO ] -  enp0s31f6 be found.
12-16 17:37:17.671339 [139760991535424] [INFO ] -  wlp3s0 be found.
12-16 17:37:17.671357 [139760991535424] [ERROR] -  mac bus error:Operation not permitted
12-16 17:37:17.671367 [139760991535424] [ERROR] -  Real Robot not found, default switch sim mode.
12-16 17:37:17.671371 [139760991535424] [INFO ] -  reset joint acc/velc/range protection.
12-16 17:37:17.671376 [139760991535424] [INFO ] -  select robot work mode is sim.
state size=14
rulelist stateid=0 name=state.stop rule size=7
EventID=RSM_EVENT_ROBOT_STOPPED NextState=RSM_STATE_STOP
EventID=RSM_EVENT_ROBOT_RUNNING NextState=RSM_STATE_RUNNING
EventID=RSM_EVENT_COMMAND_STOP_SLOW NextState=RSM_STATE_STOPPING_WAIT
EventID=RSM_EVENT_COMMAND_STOP_FAST NextState=RSM_STATE_STOPPING_WAIT
EventID=RSM_EVENT_COMMAND_PAUSE NextState=RSM_STATE_LOGIC_PAUSED
EventID=RSM_EVENT_COMMAND_MOTION NextState=RSM_STATE_RUNNING_WAIT
EventID=RSM_EVENT_COMMAND_TRACKING NextState=RSM_STATE_RUNNING_WAIT
rulelist stateid=0x1 name=state.running rule size=9
EventID=RSM_EVENT_ROBOT_STOPPED NextState=RSM_STATE_STOP
EventID=RSM_EVENT_ROBOT_ATTARGET NextState=RSM_STATE_STOP
EventID=RSM_EVENT_COMMAND_STOP_SLOW NextState=RSM_STATE_STOPPING_WAIT
EventID=RSM_EVENT_COMMAND_STOP_FAST NextState=RSM_STATE_STOPPING_WAIT
EventID=RSM_EVENT_COMMAND_PAUSE NextState=RSM_STATE_PAUSING_WAIT
EventID=RSM_EVENT_COMMAND_CONTINUE NextState=RSM_STATE_RUNNING
EventID=RSM_EVENT_COMMAND_TRACKING NextState=RSM_STATE_RUNNING
EventID=RSM_EVENT_COMMAND_ERROR NextState=RSM_STATE_STOP
EventID=RSM_EVENT_ROBOT_ERROR NextState=RSM_STATE_STOP
rulelist stateid=0x2 name=state.paused rule size=7
EventID=RSM_EVENT_ROBOT_RUNNING NextState=RSM_STATE_RUNNING
EventID=RSM_EVENT_COMMAND_STOP_SLOW NextState=RSM_STATE_STOPPING_WAIT
EventID=RSM_EVENT_COMMAND_STOP_FAST NextState=RSM_STATE_STOPPING_WAIT
EventID=RSM_EVENT_COMMAND_PAUSE NextState=RSM_STATE_PAUSED
EventID=RSM_EVENT_COMMAND_CONTINUE NextState=RSM_STATE_RESUMING_WAIT
EventID=RSM_EVENT_COMMAND_ERROR NextState=RSM_STATE_STOP
EventID=RSM_EVENT_ROBOT_ERROR NextState=RSM_STATE_STOP
rulelist stateid=0x3 name=state.logic.paused rule size=8
EventID=RSM_EVENT_ROBOT_PAUSED NextState=RSM_STATE_BLEND_PAUSED
EventID=RSM_EVENT_COMMAND_STOP_SLOW NextState=RSM_STATE_STOP
EventID=RSM_EVENT_COMMAND_STOP_FAST NextState=RSM_STATE_STOP
EventID=RSM_EVENT_COMMAND_PAUSE NextState=RSM_STATE_LOGIC_PAUSED
EventID=RSM_EVENT_COMMAND_CONTINUE NextState=RSM_STATE_STOP
EventID=RSM_EVENT_COMMAND_MOTION NextState=RSM_STATE_MOTION_PAUSING
EventID=RSM_EVENT_COMMAND_ERROR NextState=RSM_STATE_STOP
EventID=RSM_EVENT_ROBOT_ERROR NextState=RSM_STATE_STOP
rulelist stateid=0x4 name=state.pausing.true rule size=6
EventID=RSM_EVENT_ROBOT_STOPPED NextState=RSM_STATE_STOP
EventID=RSM_EVENT_ROBOT_PAUSED NextState=RSM_STATE_PAUSED
EventID=RSM_EVENT_COMMAND_STOP_FAST NextState=RSM_STATE_STOPPING_WAIT
EventID=RSM_EVENT_COMMAND_PAUSE NextState=RSM_STATE_PAUSING_TRUE
EventID=RSM_EVENT_COMMAND_ERROR NextState=RSM_STATE_STOP
EventID=RSM_EVENT_ROBOT_ERROR NextState=RSM_STATE_STOP
rulelist stateid=0x5 name=state.motion.pausing rule size=9
EventID=RSM_EVENT_ROBOT_STOPPED NextState=RSM_STATE_LOGIC_PAUSED
EventID=RSM_EVENT_ROBOT_RUNNING NextState=RSM_STATE_MOTION_PAUSING_WAIT
EventID=RSM_EVENT_ROBOT_PAUSED NextState=RSM_STATE_PAUSED
EventID=RSM_EVENT_ROBOT_ATTARGET NextState=RSM_STATE_LOGIC_PAUSED
EventID=RSM_EVENT_COMMAND_STOP_SLOW NextState=RSM_STATE_STOPPING_WAIT
EventID=RSM_EVENT_COMMAND_STOP_FAST NextState=RSM_STATE_STOPPING_WAIT
EventID=RSM_EVENT_COMMAND_PAUSE NextState=RSM_STATE_MOTION_PAUSING
EventID=RSM_EVENT_COMMAND_ERROR NextState=RSM_STATE_STOP
EventID=RSM_EVENT_ROBOT_ERROR NextState=RSM_STATE_STOP
rulelist stateid=0x6 name=state.motion.pausing.wait rule size=8
EventID=RSM_EVENT_ROBOT_STOPPED NextState=RSM_STATE_LOGIC_PAUSED
EventID=RSM_EVENT_ROBOT_PAUSED NextState=RSM_STATE_PAUSED
EventID=RSM_EVENT_ROBOT_ATTARGET NextState=RSM_STATE_LOGIC_PAUSED
EventID=RSM_EVENT_COMMAND_STOP_SLOW NextState=RSM_STATE_STOPPING_WAIT
EventID=RSM_EVENT_COMMAND_STOP_FAST NextState=RSM_STATE_STOPPING_WAIT
EventID=RSM_EVENT_COMMAND_PAUSE NextState=RSM_STATE_MOTION_PAUSING_WAIT
EventID=RSM_EVENT_COMMAND_ERROR NextState=RSM_STATE_STOP
EventID=RSM_EVENT_ROBOT_ERROR NextState=RSM_STATE_STOP
rulelist stateid=0x7 name=state.runing.wait rule size=8
EventID=RSM_EVENT_ROBOT_STOPPED NextState=RSM_STATE_STOP
EventID=RSM_EVENT_ROBOT_RUNNING NextState=RSM_STATE_RUNNING
EventID=RSM_EVENT_ROBOT_ATTARGET NextState=RSM_STATE_STOP
EventID=RSM_EVENT_COMMAND_STOP_SLOW NextState=RSM_STATE_STOPPING_WAIT
EventID=RSM_EVENT_COMMAND_STOP_FAST NextState=RSM_STATE_STOPPING_WAIT
EventID=RSM_EVENT_COMMAND_PAUSE NextState=RSM_STATE_RUNNING_WAIT_PAUSING_WAIT
EventID=RSM_EVENT_COMMAND_ERROR NextState=RSM_STATE_STOP
EventID=RSM_EVENT_ROBOT_ERROR NextState=RSM_STATE_STOP
rulelist stateid=0x8 name=state.runing.wait.pausing.wait rule size=6
EventID=RSM_EVENT_ROBOT_RUNNING NextState=RSM_STATE_MOTION_PAUSING_WAIT
EventID=RSM_EVENT_ROBOT_PAUSED NextState=RSM_STATE_PAUSED
EventID=RSM_EVENT_ROBOT_ATTARGET NextState=RSM_STATE_LOGIC_PAUSED
EventID=RSM_EVENT_COMMAND_PAUSE NextState=RSM_STATE_RUNNING_WAIT_PAUSING_WAIT
EventID=RSM_EVENT_COMMAND_ERROR NextState=RSM_STATE_STOP
EventID=RSM_EVENT_ROBOT_ERROR NextState=RSM_STATE_STOP
rulelist stateid=0x9 name=state.pausing.wait rule size=7
EventID=RSM_EVENT_ROBOT_STOPPED NextState=RSM_STATE_LOGIC_PAUSED
EventID=RSM_EVENT_ROBOT_PAUSING NextState=RSM_STATE_PAUSING_TRUE
EventID=RSM_EVENT_ROBOT_PAUSED NextState=RSM_STATE_PAUSED
EventID=RSM_EVENT_ROBOT_ATTARGET NextState=RSM_STATE_LOGIC_PAUSED
EventID=RSM_EVENT_COMMAND_PAUSE NextState=RSM_STATE_PAUSING_WAIT
EventID=RSM_EVENT_COMMAND_ERROR NextState=RSM_STATE_STOP
EventID=RSM_EVENT_ROBOT_ERROR NextState=RSM_STATE_STOP
rulelist stateid=0xa name=state.stopping.wait rule size=5
EventID=RSM_EVENT_ROBOT_STOPPED NextState=RSM_STATE_STOP
EventID=RSM_EVENT_ROBOT_ATTARGET NextState=RSM_STATE_STOP
EventID=RSM_EVENT_COMMAND_STOP_FAST NextState=RSM_STATE_STOP
EventID=RSM_EVENT_COMMAND_ERROR NextState=RSM_STATE_STOP
EventID=RSM_EVENT_ROBOT_ERROR NextState=RSM_STATE_STOP
rulelist stateid=0xb name=state.resuming rule size=5
EventID=RSM_EVENT_ROBOT_STOPPED NextState=RSM_STATE_STOP
EventID=RSM_EVENT_ROBOT_RUNNING NextState=RSM_STATE_RUNNING
EventID=RSM_EVENT_COMMAND_STOP_FAST NextState=RSM_STATE_STOP
EventID=RSM_EVENT_COMMAND_ERROR NextState=RSM_STATE_STOP
EventID=RSM_EVENT_ROBOT_ERROR NextState=RSM_STATE_STOP
rulelist stateid=0xc name=state.blend.paused rule size=7
EventID=RSM_EVENT_ROBOT_STOPPED NextState=RSM_STATE_STOP
EventID=RSM_EVENT_COMMAND_STOP_SLOW NextState=RSM_STATE_STOP
EventID=RSM_EVENT_COMMAND_STOP_FAST NextState=RSM_STATE_STOP
EventID=RSM_EVENT_COMMAND_PAUSE NextState=RSM_STATE_BLEND_PAUSED
EventID=RSM_EVENT_COMMAND_CONTINUE NextState=RSM_STATE_BLEND_RESUMING_WAIT
EventID=RSM_EVENT_COMMAND_ERROR NextState=RSM_STATE_STOP
EventID=RSM_EVENT_ROBOT_ERROR NextState=RSM_STATE_STOP
rulelist stateid=0xd name=state.blend.resuming_wait rule size=6
EventID=RSM_EVENT_ROBOT_STOPPED NextState=RSM_STATE_STOP
EventID=RSM_EVENT_ROBOT_ATTARGET NextState=RSM_STATE_STOP
EventID=RSM_EVENT_COMMAND_STOP_SLOW NextState=RSM_STATE_STOP
EventID=RSM_EVENT_COMMAND_STOP_FAST NextState=RSM_STATE_STOP
EventID=RSM_EVENT_COMMAND_ERROR NextState=RSM_STATE_STOP
EventID=RSM_EVENT_ROBOT_ERROR NextState=RSM_STATE_STOP
[1] delete client -1
[0] erase client 
12-16 17:37:17.671643 [139760991535424] [INFO ] -  robot init ok
12-16 17:37:17.671649 [139760991535424] [WARN ] -  robot real no found!
12-16 17:37:17.671669 [139760991535424] [INFO ] -  version:V4.10.0.332824f-Beta

12-16 17:37:17.674625 [139760991535424] [INFO ] -  

     ...       .        .  　　.........        .......     
    .,'.:      :,.      '.;  ; '.......,     '.'.....'.'    AUBO SERVER-V4.10.0.332824f-Beta
    :.;: :     ;.'      : ;  ; ;     ; ;    : ;.      ; :   64bit for V3-Hardware
   : :  ;.,    ;.'      : ;  ; ,.....','   ,.;         : :  
  ; :...:...   ;.'      : ;  ; ,.......'.  ; :         : :  Port: 8899
 '........ ,.  : :      : :  ; ;      : :   ; ;       ;.,.  PID : 17494
.,.,      ;.:  ''......'.;   ; ;........'   .,.'.....'.'.   
,.          ''   ........    '.........        ........     



12-16 17:37:17.674642 [139760991535424] [INFO ] -  Event loop startup.
12-16 17:37:17.674653 [139760827877120] [INFO ] -  Robot event broadcast service start.
12-16 17:37:30.000452 [139760991535424] [INFO ] -  kicking the dog.
12-16 17:37:54.179173 [139760819484416] [INFO ] -  Client[0x7f1c8c000910 fd: 4 at thread 139760819484416] connected to Primary Client.
12-16 17:37:54.181235 [139760819484416] [INFO ] -  Processing login request from user succeeded, username: user, passwd:111
12-16 17:37:54.181874 [139760819484416] [INFO ] -  RTDE Output field actual_q existed
12-16 17:37:54.181905 [139760819484416] [INFO ] -  RTDE Output field actual_q existed
12-16 17:37:54.181917 [139760819484416] [INFO ] -  RTDE Output field actual_TCP_pose existed
12-16 17:37:55.169123 [139760819484416] [INFO ] -  Dispatching ROBOT_COMMAND_POWERON
12-16 17:37:55.173555 [139760811091712] [INFO ] -  Robot Mode set to Booting
12-16 17:37:55.374148 [139760811091712] [INFO ] -  Robot Mode set to Idle
12-16 17:37:55.877807 [139760819484416] [INFO ] -  Dispatching ROBOT_COMMAND_RUN
12-16 17:37:55.877946 [139760811091712] [INFO ] -  Robot Mode set to BrakeReleasing
12-16 17:37:56.378078 [139760811091712] [INFO ] -  Robot Mode set to Running
12-16 17:37:58.527947 [139760819484416] [WARN ] -  Client[0x7f1c8c000910 fd: 4 at thread 139760819484416] disconnected from Primary Client.
12-16 17:37:58.527973 [139760819484416] [DEBUG] -  Entry teach stop function.
12-16 17:37:58.527980 [139760819484416] [DEBUG] -  Teach stop finish.
12-16 17:37:58.532744 [139760929900288] [DEBUG] -  Stop: fast-slowDwn 1 onlineSt 0 runSt 0 timer(to be disconnected) 0
12-16 17:37:58.532768 [139760929900288] [DEBUG] -  run stat:0
12-16 17:37:58.532773 [139760929900288] [INFO ] -  reset joint acc/velc/range protection.
12-16 17:37:58.533305 [139760844662528] [DEBUG] -  leave:RSM_STATE_STOP rule:EventID=RSM_EVENT_ROBOT_STOPPED NextState=RSM_STATE_STOP
12-16 17:37:58.533316 [139760844662528] [INFO ] -  call fsm_callback(RSM_STATE_STOP RSM_EVENT_ROBOT_STOPPED RSM_STATE_STOP)
12-16 17:37:58.533320 [139760844662528] [DEBUG] -  OnRsmStateStop.OnRobotStopDone
12-16 17:37:58.533334 [139760844662528] [INFO ] -  Robot event, type:RobotMoveControlStopDone.
12-16 17:37:58.533338 [139760844662528] [DEBUG] -  enter:RSM_STATE_STOP
12-16 17:37:58.533345 [139760844662528] [INFO ] -  ------: 0.059000 ms
12-16 17:37:58.533350 [139760844662528] [INFO ] -  Robot event: robotControllerStateChaned event send finish. state=0
12-16 17:37:58.533357 [139760844662528] [INFO ] -  Robot event: robot controller enter stop state. 机械臂当前进入stop状态
12-16 17:38:00.000282 [139760991535424] [INFO ] -  kicking the dog.
12-16 17:38:30.000481 [139760991535424] [INFO ] -  kicking the dog.
12-16 17:39:00.000735 [139760991535424] [INFO ] -  kicking the dog.
12-16 17:39:30.000113 [139760991535424] [INFO ] -  kicking the dog.
12-16 17:40:00.000906 [139760991535424] [INFO ] -  kicking the dog.
12-16 17:40:30.000944 [139760991535424] [INFO ] -  kicking the dog.
12-16 17:41:00.000670 [139760991535424] [INFO ] -  kicking the dog.
12-16 17:41:30.000658 [139760991535424] [INFO ] -  kicking the dog.
12-16 17:42:00.000329 [139760991535424] [INFO ] -  kicking the dog.
